[readdy.cc/preview/3daea494-1206-4bd2-af49-7ce6ddff259e/10815082.html]
[readdy.cc/preview/3daea494-1206-4bd2-af49-7ce6ddff259e/10815082/product.html]
[readdy.cc/preview/3daea494-1206-4bd2-af49-7ce6ddff259e/10815082/about.html]
[readdy.cc/preview/3daea494-1206-4bd2-af49-7ce6ddff259e/10815082/pricing.html]
[readdy.cc/preview/3daea494-1206-4bd2-af49-7ce6ddff259e/10815082/features.html]
[readdy.cc/preview/3daea494-1206-4bd2-af49-7ce6ddff259e/10815082/scenes.html]
[readdy.cc/preview/3daea494-1206-4bd2-af49-7ce6ddff259e/10815082/solutions.html]
[readdy.cc/preview/3daea494-1206-4bd2-af49-7ce6ddff259e/10815082/contact.html]
[backblue.gif]
[fade.gif]
[index.html]
[cdnjs.cloudflare.com/ajax/libs/font-awesome/6.4.0/css/all.min.css]
[cdnjs.cloudflare.com/ajax/libs/remixicon/4.5.0/remixicon.min.css]
[readdy.cc/preview/3daea494-1206-4bd2-af49-7ce6ddff259e/10815082/assets/index-Bte9C2D2.js]
[readdy.cc/preview/3daea494-1206-4bd2-af49-7ce6ddff259e/10815082.html]
[readdy.cc/preview/3daea494-1206-4bd2-af49-7ce6ddff259e/10815082/product.html]
[readdy.cc/preview/3daea494-1206-4bd2-af49-7ce6ddff259e/10815082/about.html]
[readdy.cc/preview/3daea494-1206-4bd2-af49-7ce6ddff259e/10815082/pricing.html]
[readdy.cc/preview/3daea494-1206-4bd2-af49-7ce6ddff259e/10815082/features.html]
[readdy.cc/preview/3daea494-1206-4bd2-af49-7ce6ddff259e/10815082/scenes.html]
[readdy.cc/preview/3daea494-1206-4bd2-af49-7ce6ddff259e/10815082/solutions.html]
[readdy.cc/preview/3daea494-1206-4bd2-af49-7ce6ddff259e/10815082/contact.html]
[cdnjs.cloudflare.com/ajax/libs/font-awesome/6.4.0/css/all.min.css]
[readdy.cc/preview/3daea494-1206-4bd2-af49-7ce6ddff259e/10815082/assets/index-D5nw02LX.css]
[cdnjs.cloudflare.com/ajax/libs/remixicon/4.5.0/remixicon44dd.eot]
[cdnjs.cloudflare.com/ajax/libs/remixicon/4.5.0/remixicon44dd.woff2]
[cdnjs.cloudflare.com/ajax/libs/remixicon/4.5.0/remixicon44dd.woff]
[cdnjs.cloudflare.com/ajax/libs/remixicon/4.5.0/remixicon44dd.ttf]
[cdnjs.cloudflare.com/ajax/libs/remixicon/4.5.0/remixicon.min.css]
[readdy.cc/preview/3daea494-1206-4bd2-af49-7ce6ddff259e/10815082/assets/index-D5nw02LX.css]
[cdnjs.cloudflare.com/ajax/libs/remixicon/4.5.0/remixicon44dd.svg]
[cdnjs.cloudflare.com/ajax/libs/remixicon/4.5.0/remixicon44dd.svg]
